2026-03-16T15:35:09.674+01:00  INFO 23020 --- [ArabSoftBack] [main] t.e.a.ArabSoftBackApplication            : Starting ArabSoftBackApplication using Java 17.0.12 with PID 23020 (C:\Users\yassi\Desktop\Stage PFE 2026\Application\SmartTax-Project\Backend\target\classes started by yassi in C:\Users\yassi\Desktop\Stage PFE 2026\Application\SmartTax-Project)
2026-03-16T15:35:09.677+01:00 DEBUG 23020 --- [ArabSoftBack] [main] t.e.a.ArabSoftBackApplication            : Running with Spring Boot v3.5.3, Spring v6.2.8
2026-03-16T15:35:09.679+01:00  INFO 23020 --- [ArabSoftBack] [main] t.e.a.ArabSoftBackApplication            : No active profile set, falling back to 1 default profile: "default"
2026-03-16T15:35:10.915+01:00  INFO 23020 --- [ArabSoftBack] [main] .s.d.r.c.RepositoryConfigurationDelegate : Bootstrapping Spring Data JPA repositories in DEFAULT mode.
2026-03-16T15:35:11.028+01:00  INFO 23020 --- [ArabSoftBack] [main] .s.d.r.c.RepositoryConfigurationDelegate : Finished Spring Data repository scanning in 96 ms. Found 2 JPA repository interfaces.
2026-03-16T15:35:12.114+01:00  INFO 23020 --- [ArabSoftBack] [main] o.s.b.w.embedded.tomcat.TomcatWebServer  : Tomcat initialized with port 8080 (http)
2026-03-16T15:35:12.137+01:00  INFO 23020 --- [ArabSoftBack] [main] o.apache.catalina.core.StandardService   : Starting service [Tomcat]
2026-03-16T15:35:12.138+01:00  INFO 23020 --- [ArabSoftBack] [main] o.apache.catalina.core.StandardEngine    : Starting Servlet engine: [Apache Tomcat/10.1.42]
2026-03-16T15:35:12.241+01:00  INFO 23020 --- [ArabSoftBack] [main] o.a.c.c.C.[Tomcat].[localhost].[/]       : Initializing Spring embedded WebApplicationContext
2026-03-16T15:35:12.241+01:00  INFO 23020 --- [ArabSoftBack] [main] w.s.c.ServletWebServerApplicationContext : Root WebApplicationContext: initialization completed in 2491 ms
2026-03-16T15:35:12.327+01:00 DEBUG 23020 --- [ArabSoftBack] [main] t.e.a.config.JwtAuthenticationFilter     : Filter 'jwtAuthenticationFilter' configured for use
2026-03-16T15:35:12.691+01:00  INFO 23020 --- [ArabSoftBack] [main] o.hibernate.jpa.internal.util.LogHelper  : HHH000204: Processing PersistenceUnitInfo [name: default]
2026-03-16T15:35:12.868+01:00  INFO 23020 --- [ArabSoftBack] [main] org.hibernate.Version                    : HHH000412: Hibernate ORM core version 6.6.18.Final
2026-03-16T15:35:12.947+01:00  INFO 23020 --- [ArabSoftBack] [main] o.h.c.internal.RegionFactoryInitiator    : HHH000026: Second-level cache disabled
2026-03-16T15:35:13.396+01:00  INFO 23020 --- [ArabSoftBack] [main] o.s.o.j.p.SpringPersistenceUnitInfo      : No LoadTimeWeaver setup: ignoring JPA class transformer
2026-03-16T15:35:13.443+01:00  INFO 23020 --- [ArabSoftBack] [main] com.zaxxer.hikari.HikariDataSource       : HikariPool-1 - Starting...
2026-03-16T15:35:13.713+01:00  INFO 23020 --- [ArabSoftBack] [main] com.zaxxer.hikari.pool.HikariPool        : HikariPool-1 - Added connection org.postgresql.jdbc.PgConnection@b86cb18
2026-03-16T15:35:13.715+01:00  INFO 23020 --- [ArabSoftBack] [main] com.zaxxer.hikari.HikariDataSource       : HikariPool-1 - Start completed.
2026-03-16T15:35:13.850+01:00  INFO 23020 --- [ArabSoftBack] [main] org.hibernate.orm.connections.pooling    : HHH10001005: Database info:
	Database JDBC URL [Connecting through datasource 'HikariDataSource (HikariPool-1)']
	Database driver: undefined/unknown
	Database version: 16.9
	Autocommit mode: undefined/unknown
	Isolation level: undefined/unknown
	Minimum pool size: undefined/unknown
	Maximum pool size: undefined/unknown
2026-03-16T15:35:14.941+01:00  INFO 23020 --- [ArabSoftBack] [main] o.h.e.t.j.p.i.JtaPlatformInitiator       : HHH000489: No JTA platform available (set 'hibernate.transaction.jta.platform' to enable JTA platform integration)
2026-03-16T15:35:15.103+01:00  INFO 23020 --- [ArabSoftBack] [main] j.LocalContainerEntityManagerFactoryBean : Initialized JPA EntityManagerFactory for persistence unit 'default'
2026-03-16T15:35:15.463+01:00 ERROR 23020 --- [ArabSoftBack] [main] t.e.a.controller.PredictionController    : Échec du chargement du modčle : class path resource [models/] cannot be resolved to URL because it does not exist

java.io.FileNotFoundException: class path resource [models/] cannot be resolved to URL because it does not exist
	at org.springframework.core.io.ClassPathResource.getURL(ClassPathResource.java:230) ~[spring-core-6.2.8.jar:6.2.8]
	at org.springframework.core.io.AbstractFileResolvingResource.getFile(AbstractFileResolvingResource.java:211) ~[spring-core-6.2.8.jar:6.2.8]
	at tn.esprit.arabsoftback.controller.PredictionController.init(PredictionController.java:42) ~[classes/:na]
	at java.base/jdk.internal.reflect.NativeMethodAccessorImpl.invoke0(Native Method) ~[na:na]
	at java.base/jdk.internal.reflect.NativeMethodAccessorImpl.invoke(NativeMethodAccessorImpl.java:77) ~[na:na]
	at java.base/jdk.internal.reflect.DelegatingMethodAccessorImpl.invoke(DelegatingMethodAccessorImpl.java:43) ~[na:na]
	at java.base/java.lang.reflect.Method.invoke(Method.java:568) ~[na:na]
	at org.springframework.beans.factory.annotation.InitDestroyAnnotationBeanPostProcessor$LifecycleMethod.invoke(InitDestroyAnnotationBeanPostProcessor.java:457) ~[spring-beans-6.2.8.jar:6.2.8]
	at org.springframework.beans.factory.annotation.InitDestroyAnnotationBeanPostProcessor$LifecycleMetadata.invokeInitMethods(InitDestroyAnnotationBeanPostProcessor.java:401) ~[spring-beans-6.2.8.jar:6.2.8]
	at org.springframework.beans.factory.annotation.InitDestroyAnnotationBeanPostProcessor.postProcessBeforeInitialization(InitDestroyAnnotationBeanPostProcessor.java:219) ~[spring-beans-6.2.8.jar:6.2.8]
	at org.springframework.beans.factory.support.AbstractAutowireCapableBeanFactory.applyBeanPostProcessorsBeforeInitialization(AbstractAutowireCapableBeanFactory.java:429) ~[spring-beans-6.2.8.jar:6.2.8]
	at org.springframework.beans.factory.support.AbstractAutowireCapableBeanFactory.initializeBean(AbstractAutowireCapableBeanFactory.java:1818) ~[spring-beans-6.2.8.jar:6.2.8]
	at org.springframework.beans.factory.support.AbstractAutowireCapableBeanFactory.doCreateBean(AbstractAutowireCapableBeanFactory.java:607) ~[spring-beans-6.2.8.jar:6.2.8]
	at org.springframework.beans.factory.support.AbstractAutowireCapableBeanFactory.createBean(AbstractAutowireCapableBeanFactory.java:529) ~[spring-beans-6.2.8.jar:6.2.8]
	at org.springframework.beans.factory.support.AbstractBeanFactory.lambda$doGetBean$0(AbstractBeanFactory.java:339) ~[spring-beans-6.2.8.jar:6.2.8]
	at org.springframework.beans.factory.support.DefaultSingletonBeanRegistry.getSingleton(DefaultSingletonBeanRegistry.java:373) ~[spring-beans-6.2.8.jar:6.2.8]
	at org.springframework.beans.factory.support.AbstractBeanFactory.doGetBean(AbstractBeanFactory.java:337) ~[spring-beans-6.2.8.jar:6.2.8]
	at org.springframework.beans.factory.support.AbstractBeanFactory.getBean(AbstractBeanFactory.java:202) ~[spring-beans-6.2.8.jar:6.2.8]
	at org.springframework.beans.factory.support.DefaultListableBeanFactory.instantiateSingleton(DefaultListableBeanFactory.java:1222) ~[spring-beans-6.2.8.jar:6.2.8]
	at org.springframework.beans.factory.support.DefaultListableBeanFactory.preInstantiateSingleton(DefaultListableBeanFactory.java:1188) ~[spring-beans-6.2.8.jar:6.2.8]
	at org.springframework.beans.factory.support.DefaultListableBeanFactory.preInstantiateSingletons(DefaultListableBeanFactory.java:1123) ~[spring-beans-6.2.8.jar:6.2.8]
	at org.springframework.context.support.AbstractApplicationContext.finishBeanFactoryInitialization(AbstractApplicationContext.java:987) ~[spring-context-6.2.8.jar:6.2.8]
	at org.springframework.context.support.AbstractApplicationContext.refresh(AbstractApplicationContext.java:627) ~[spring-context-6.2.8.jar:6.2.8]
	at org.springframework.boot.web.servlet.context.ServletWebServerApplicationContext.refresh(ServletWebServerApplicationContext.java:146) ~[spring-boot-3.5.3.jar:3.5.3]
	at org.springframework.boot.SpringApplication.refresh(SpringApplication.java:752) ~[spring-boot-3.5.3.jar:3.5.3]
	at org.springframework.boot.SpringApplication.refreshContext(SpringApplication.java:439) ~[spring-boot-3.5.3.jar:3.5.3]
	at org.springframework.boot.SpringApplication.run(SpringApplication.java:318) ~[spring-boot-3.5.3.jar:3.5.3]
	at org.springframework.boot.SpringApplication.run(SpringApplication.java:1361) ~[spring-boot-3.5.3.jar:3.5.3]
	at org.springframework.boot.SpringApplication.run(SpringApplication.java:1350) ~[spring-boot-3.5.3.jar:3.5.3]
	at tn.esprit.arabsoftback.ArabSoftBackApplication.main(ArabSoftBackApplication.java:10) ~[classes/:na]

2026-03-16T15:35:15.527+01:00  INFO 23020 --- [ArabSoftBack] [main] o.s.d.j.r.query.QueryEnhancerFactory     : Hibernate is in classpath; If applicable, HQL parser will be used.
2026-03-16T15:35:16.454+01:00  WARN 23020 --- [ArabSoftBack] [main] JpaBaseConfiguration$JpaWebConfiguration : spring.jpa.open-in-view is enabled by default. Therefore, database queries may be performed during view rendering. Explicitly configure spring.jpa.open-in-view to disable this warning
2026-03-16T15:35:17.462+01:00  INFO 23020 --- [ArabSoftBack] [main] o.s.v.b.OptionalValidatorFactoryBean     : Failed to set up a Bean Validation provider: jakarta.validation.NoProviderFoundException: Unable to create a Configuration, because no Jakarta Bean Validation provider could be found. Add a provider like Hibernate Validator (RI) to your classpath.
2026-03-16T15:35:18.179+01:00  INFO 23020 --- [ArabSoftBack] [main] o.s.b.w.embedded.tomcat.TomcatWebServer  : Tomcat started on port 8080 (http) with context path '/'
2026-03-16T15:35:18.197+01:00  INFO 23020 --- [ArabSoftBack] [main] t.e.a.ArabSoftBackApplication            : Started ArabSoftBackApplication in 9.195 seconds (process running for 9.612)
2026-03-16T15:35:50.412+01:00  INFO 19312 --- [ArabSoftBack] [main] t.e.a.ArabSoftBackApplication            : Starting ArabSoftBackApplication using Java 17.0.12 with PID 19312 (C:\Users\yassi\Desktop\Stage PFE 2026\Application\SmartTax-Project\Backend\target\classes started by yassi in C:\Users\yassi\Desktop\Stage PFE 2026\Application\SmartTax-Project)
2026-03-16T15:35:50.416+01:00 DEBUG 19312 --- [ArabSoftBack] [main] t.e.a.ArabSoftBackApplication            : Running with Spring Boot v3.5.3, Spring v6.2.8
2026-03-16T15:35:50.417+01:00  INFO 19312 --- [ArabSoftBack] [main] t.e.a.ArabSoftBackApplication            : No active profile set, falling back to 1 default profile: "default"
2026-03-16T15:35:51.693+01:00  INFO 19312 --- [ArabSoftBack] [main] .s.d.r.c.RepositoryConfigurationDelegate : Bootstrapping Spring Data JPA repositories in DEFAULT mode.
2026-03-16T15:35:51.784+01:00  INFO 19312 --- [ArabSoftBack] [main] .s.d.r.c.RepositoryConfigurationDelegate : Finished Spring Data repository scanning in 77 ms. Found 2 JPA repository interfaces.
2026-03-16T15:35:52.795+01:00  INFO 19312 --- [ArabSoftBack] [main] o.s.b.w.embedded.tomcat.TomcatWebServer  : Tomcat initialized with port 8080 (http)
2026-03-16T15:35:52.816+01:00  INFO 19312 --- [ArabSoftBack] [main] o.apache.catalina.core.StandardService   : Starting service [Tomcat]
2026-03-16T15:35:52.817+01:00  INFO 19312 --- [ArabSoftBack] [main] o.apache.catalina.core.StandardEngine    : Starting Servlet engine: [Apache Tomcat/10.1.42]
2026-03-16T15:35:52.916+01:00  INFO 19312 --- [ArabSoftBack] [main] o.a.c.c.C.[Tomcat].[localhost].[/]       : Initializing Spring embedded WebApplicationContext
2026-03-16T15:35:52.916+01:00  INFO 19312 --- [ArabSoftBack] [main] w.s.c.ServletWebServerApplicationContext : Root WebApplicationContext: initialization completed in 2434 ms
2026-03-16T15:35:53.008+01:00 DEBUG 19312 --- [ArabSoftBack] [main] t.e.a.config.JwtAuthenticationFilter     : Filter 'jwtAuthenticationFilter' configured for use
2026-03-16T15:35:53.340+01:00  INFO 19312 --- [ArabSoftBack] [main] o.hibernate.jpa.internal.util.LogHelper  : HHH000204: Processing PersistenceUnitInfo [name: default]
2026-03-16T15:35:53.499+01:00  INFO 19312 --- [ArabSoftBack] [main] org.hibernate.Version                    : HHH000412: Hibernate ORM core version 6.6.18.Final
2026-03-16T15:35:53.591+01:00  INFO 19312 --- [ArabSoftBack] [main] o.h.c.internal.RegionFactoryInitiator    : HHH000026: Second-level cache disabled
2026-03-16T15:35:54.060+01:00  INFO 19312 --- [ArabSoftBack] [main] o.s.o.j.p.SpringPersistenceUnitInfo      : No LoadTimeWeaver setup: ignoring JPA class transformer
2026-03-16T15:35:54.099+01:00  INFO 19312 --- [ArabSoftBack] [main] com.zaxxer.hikari.HikariDataSource       : HikariPool-1 - Starting...
2026-03-16T15:35:54.481+01:00  INFO 19312 --- [ArabSoftBack] [main] com.zaxxer.hikari.pool.HikariPool        : HikariPool-1 - Added connection org.postgresql.jdbc.PgConnection@652b3733
2026-03-16T15:35:54.486+01:00  INFO 19312 --- [ArabSoftBack] [main] com.zaxxer.hikari.HikariDataSource       : HikariPool-1 - Start completed.
2026-03-16T15:35:54.600+01:00  INFO 19312 --- [ArabSoftBack] [main] org.hibernate.orm.connections.pooling    : HHH10001005: Database info:
	Database JDBC URL [Connecting through datasource 'HikariDataSource (HikariPool-1)']
	Database driver: undefined/unknown
	Database version: 16.9
	Autocommit mode: undefined/unknown
	Isolation level: undefined/unknown
	Minimum pool size: undefined/unknown
	Maximum pool size: undefined/unknown
2026-03-16T15:35:55.584+01:00  INFO 19312 --- [ArabSoftBack] [main] o.h.e.t.j.p.i.JtaPlatformInitiator       : HHH000489: No JTA platform available (set 'hibernate.transaction.jta.platform' to enable JTA platform integration)
2026-03-16T15:35:55.730+01:00  INFO 19312 --- [ArabSoftBack] [main] j.LocalContainerEntityManagerFactoryBean : Initialized JPA EntityManagerFactory for persistence unit 'default'
2026-03-16T15:35:56.064+01:00 ERROR 19312 --- [ArabSoftBack] [main] t.e.a.controller.PredictionController    : Échec du chargement du modčle : class path resource [models/] cannot be resolved to URL because it does not exist

java.io.FileNotFoundException: class path resource [models/] cannot be resolved to URL because it does not exist
	at org.springframework.core.io.ClassPathResource.getURL(ClassPathResource.java:230) ~[spring-core-6.2.8.jar:6.2.8]
	at org.springframework.core.io.AbstractFileResolvingResource.getFile(AbstractFileResolvingResource.java:211) ~[spring-core-6.2.8.jar:6.2.8]
	at tn.esprit.arabsoftback.controller.PredictionController.init(PredictionController.java:42) ~[classes/:na]
	at java.base/jdk.internal.reflect.NativeMethodAccessorImpl.invoke0(Native Method) ~[na:na]
	at java.base/jdk.internal.reflect.NativeMethodAccessorImpl.invoke(NativeMethodAccessorImpl.java:77) ~[na:na]
	at java.base/jdk.internal.reflect.DelegatingMethodAccessorImpl.invoke(DelegatingMethodAccessorImpl.java:43) ~[na:na]
	at java.base/java.lang.reflect.Method.invoke(Method.java:568) ~[na:na]
	at org.springframework.beans.factory.annotation.InitDestroyAnnotationBeanPostProcessor$LifecycleMethod.invoke(InitDestroyAnnotationBeanPostProcessor.java:457) ~[spring-beans-6.2.8.jar:6.2.8]
	at org.springframework.beans.factory.annotation.InitDestroyAnnotationBeanPostProcessor$LifecycleMetadata.invokeInitMethods(InitDestroyAnnotationBeanPostProcessor.java:401) ~[spring-beans-6.2.8.jar:6.2.8]
	at org.springframework.beans.factory.annotation.InitDestroyAnnotationBeanPostProcessor.postProcessBeforeInitialization(InitDestroyAnnotationBeanPostProcessor.java:219) ~[spring-beans-6.2.8.jar:6.2.8]
	at org.springframework.beans.factory.support.AbstractAutowireCapableBeanFactory.applyBeanPostProcessorsBeforeInitialization(AbstractAutowireCapableBeanFactory.java:429) ~[spring-beans-6.2.8.jar:6.2.8]
	at org.springframework.beans.factory.support.AbstractAutowireCapableBeanFactory.initializeBean(AbstractAutowireCapableBeanFactory.java:1818) ~[spring-beans-6.2.8.jar:6.2.8]
	at org.springframework.beans.factory.support.AbstractAutowireCapableBeanFactory.doCreateBean(AbstractAutowireCapableBeanFactory.java:607) ~[spring-beans-6.2.8.jar:6.2.8]
	at org.springframework.beans.factory.support.AbstractAutowireCapableBeanFactory.createBean(AbstractAutowireCapableBeanFactory.java:529) ~[spring-beans-6.2.8.jar:6.2.8]
	at org.springframework.beans.factory.support.AbstractBeanFactory.lambda$doGetBean$0(AbstractBeanFactory.java:339) ~[spring-beans-6.2.8.jar:6.2.8]
	at org.springframework.beans.factory.support.DefaultSingletonBeanRegistry.getSingleton(DefaultSingletonBeanRegistry.java:373) ~[spring-beans-6.2.8.jar:6.2.8]
	at org.springframework.beans.factory.support.AbstractBeanFactory.doGetBean(AbstractBeanFactory.java:337) ~[spring-beans-6.2.8.jar:6.2.8]
	at org.springframework.beans.factory.support.AbstractBeanFactory.getBean(AbstractBeanFactory.java:202) ~[spring-beans-6.2.8.jar:6.2.8]
	at org.springframework.beans.factory.support.DefaultListableBeanFactory.instantiateSingleton(DefaultListableBeanFactory.java:1222) ~[spring-beans-6.2.8.jar:6.2.8]
	at org.springframework.beans.factory.support.DefaultListableBeanFactory.preInstantiateSingleton(DefaultListableBeanFactory.java:1188) ~[spring-beans-6.2.8.jar:6.2.8]
	at org.springframework.beans.factory.support.DefaultListableBeanFactory.preInstantiateSingletons(DefaultListableBeanFactory.java:1123) ~[spring-beans-6.2.8.jar:6.2.8]
	at org.springframework.context.support.AbstractApplicationContext.finishBeanFactoryInitialization(AbstractApplicationContext.java:987) ~[spring-context-6.2.8.jar:6.2.8]
	at org.springframework.context.support.AbstractApplicationContext.refresh(AbstractApplicationContext.java:627) ~[spring-context-6.2.8.jar:6.2.8]
	at org.springframework.boot.web.servlet.context.ServletWebServerApplicationContext.refresh(ServletWebServerApplicationContext.java:146) ~[spring-boot-3.5.3.jar:3.5.3]
	at org.springframework.boot.SpringApplication.refresh(SpringApplication.java:752) ~[spring-boot-3.5.3.jar:3.5.3]
	at org.springframework.boot.SpringApplication.refreshContext(SpringApplication.java:439) ~[spring-boot-3.5.3.jar:3.5.3]
	at org.springframework.boot.SpringApplication.run(SpringApplication.java:318) ~[spring-boot-3.5.3.jar:3.5.3]
	at org.springframework.boot.SpringApplication.run(SpringApplication.java:1361) ~[spring-boot-3.5.3.jar:3.5.3]
	at org.springframework.boot.SpringApplication.run(SpringApplication.java:1350) ~[spring-boot-3.5.3.jar:3.5.3]
	at tn.esprit.arabsoftback.ArabSoftBackApplication.main(ArabSoftBackApplication.java:10) ~[classes/:na]

2026-03-16T15:35:56.125+01:00  INFO 19312 --- [ArabSoftBack] [main] o.s.d.j.r.query.QueryEnhancerFactory     : Hibernate is in classpath; If applicable, HQL parser will be used.
2026-03-16T15:35:56.896+01:00  WARN 19312 --- [ArabSoftBack] [main] JpaBaseConfiguration$JpaWebConfiguration : spring.jpa.open-in-view is enabled by default. Therefore, database queries may be performed during view rendering. Explicitly configure spring.jpa.open-in-view to disable this warning
2026-03-16T15:35:57.926+01:00  INFO 19312 --- [ArabSoftBack] [main] o.s.v.b.OptionalValidatorFactoryBean     : Failed to set up a Bean Validation provider: jakarta.validation.NoProviderFoundException: Unable to create a Configuration, because no Jakarta Bean Validation provider could be found. Add a provider like Hibernate Validator (RI) to your classpath.
2026-03-16T15:35:58.520+01:00  INFO 19312 --- [ArabSoftBack] [main] o.s.b.w.embedded.tomcat.TomcatWebServer  : Tomcat started on port 8080 (http) with context path '/'
2026-03-16T15:35:58.535+01:00  INFO 19312 --- [ArabSoftBack] [main] t.e.a.ArabSoftBackApplication            : Started ArabSoftBackApplication in 8.829 seconds (process running for 9.272)
2026-03-16T15:36:24.032+01:00  INFO 19312 --- [ArabSoftBack] [SpringApplicationShutdownHook] o.s.b.w.e.tomcat.GracefulShutdown        : Commencing graceful shutdown. Waiting for active requests to complete
2026-03-16T15:36:24.077+01:00  INFO 19312 --- [ArabSoftBack] [tomcat-shutdown] o.s.b.w.e.tomcat.GracefulShutdown        : Graceful shutdown complete
2026-03-16T15:36:24.081+01:00  INFO 19312 --- [ArabSoftBack] [SpringApplicationShutdownHook] j.LocalContainerEntityManagerFactoryBean : Closing JPA EntityManagerFactory for persistence unit 'default'
2026-03-16T15:36:24.084+01:00  INFO 19312 --- [ArabSoftBack] [SpringApplicationShutdownHook] com.zaxxer.hikari.HikariDataSource       : HikariPool-1 - Shutdown initiated...
2026-03-16T15:36:24.089+01:00  INFO 19312 --- [ArabSoftBack] [SpringApplicationShutdownHook] com.zaxxer.hikari.HikariDataSource       : HikariPool-1 - Shutdown completed.
2026-03-16T15:39:15.613+01:00  INFO 20416 --- [ArabSoftBack] [main] t.e.a.ArabSoftBackApplication            : Starting ArabSoftBackApplication using Java 17.0.12 with PID 20416 (C:\Users\yassi\Desktop\Stage PFE 2026\Application\SmartTax-Project\Backend\target\classes started by yassi in C:\Users\yassi\Desktop\Stage PFE 2026\Application\SmartTax-Project)
2026-03-16T15:39:15.616+01:00 DEBUG 20416 --- [ArabSoftBack] [main] t.e.a.ArabSoftBackApplication            : Running with Spring Boot v3.5.3, Spring v6.2.8
2026-03-16T15:39:15.617+01:00  INFO 20416 --- [ArabSoftBack] [main] t.e.a.ArabSoftBackApplication            : No active profile set, falling back to 1 default profile: "default"
2026-03-16T15:39:16.887+01:00  INFO 20416 --- [ArabSoftBack] [main] .s.d.r.c.RepositoryConfigurationDelegate : Bootstrapping Spring Data JPA repositories in DEFAULT mode.
2026-03-16T15:39:16.983+01:00  INFO 20416 --- [ArabSoftBack] [main] .s.d.r.c.RepositoryConfigurationDelegate : Finished Spring Data repository scanning in 80 ms. Found 2 JPA repository interfaces.
2026-03-16T15:39:17.912+01:00  INFO 20416 --- [ArabSoftBack] [main] o.s.b.w.embedded.tomcat.TomcatWebServer  : Tomcat initialized with port 8080 (http)
2026-03-16T15:39:17.929+01:00  INFO 20416 --- [ArabSoftBack] [main] o.apache.catalina.core.StandardService   : Starting service [Tomcat]
2026-03-16T15:39:17.930+01:00  INFO 20416 --- [ArabSoftBack] [main] o.apache.catalina.core.StandardEngine    : Starting Servlet engine: [Apache Tomcat/10.1.42]
2026-03-16T15:39:18.032+01:00  INFO 20416 --- [ArabSoftBack] [main] o.a.c.c.C.[Tomcat].[localhost].[/]       : Initializing Spring embedded WebApplicationContext
2026-03-16T15:39:18.032+01:00  INFO 20416 --- [ArabSoftBack] [main] w.s.c.ServletWebServerApplicationContext : Root WebApplicationContext: initialization completed in 2349 ms
2026-03-16T15:39:18.112+01:00 DEBUG 20416 --- [ArabSoftBack] [main] t.e.a.config.JwtAuthenticationFilter     : Filter 'jwtAuthenticationFilter' configured for use
2026-03-16T15:39:18.369+01:00  INFO 20416 --- [ArabSoftBack] [main] o.hibernate.jpa.internal.util.LogHelper  : HHH000204: Processing PersistenceUnitInfo [name: default]
2026-03-16T15:39:18.486+01:00  INFO 20416 --- [ArabSoftBack] [main] org.hibernate.Version                    : HHH000412: Hibernate ORM core version 6.6.18.Final
2026-03-16T15:39:18.545+01:00  INFO 20416 --- [ArabSoftBack] [main] o.h.c.internal.RegionFactoryInitiator    : HHH000026: Second-level cache disabled
2026-03-16T15:39:18.953+01:00  INFO 20416 --- [ArabSoftBack] [main] o.s.o.j.p.SpringPersistenceUnitInfo      : No LoadTimeWeaver setup: ignoring JPA class transformer
2026-03-16T15:39:18.998+01:00  INFO 20416 --- [ArabSoftBack] [main] com.zaxxer.hikari.HikariDataSource       : HikariPool-1 - Starting...
2026-03-16T15:39:19.259+01:00  INFO 20416 --- [ArabSoftBack] [main] com.zaxxer.hikari.pool.HikariPool        : HikariPool-1 - Added connection org.postgresql.jdbc.PgConnection@44aeae34
2026-03-16T15:39:19.261+01:00  INFO 20416 --- [ArabSoftBack] [main] com.zaxxer.hikari.HikariDataSource       : HikariPool-1 - Start completed.
2026-03-16T15:39:19.343+01:00  INFO 20416 --- [ArabSoftBack] [main] org.hibernate.orm.connections.pooling    : HHH10001005: Database info:
	Database JDBC URL [Connecting through datasource 'HikariDataSource (HikariPool-1)']
	Database driver: undefined/unknown
	Database version: 16.9
	Autocommit mode: undefined/unknown
	Isolation level: undefined/unknown
	Minimum pool size: undefined/unknown
	Maximum pool size: undefined/unknown
2026-03-16T15:39:20.355+01:00  INFO 20416 --- [ArabSoftBack] [main] o.h.e.t.j.p.i.JtaPlatformInitiator       : HHH000489: No JTA platform available (set 'hibernate.transaction.jta.platform' to enable JTA platform integration)
2026-03-16T15:39:20.499+01:00  INFO 20416 --- [ArabSoftBack] [main] j.LocalContainerEntityManagerFactoryBean : Initialized JPA EntityManagerFactory for persistence unit 'default'
2026-03-16T15:39:20.906+01:00 ERROR 20416 --- [ArabSoftBack] [main] t.e.a.controller.PredictionController    : Échec du chargement du modčle : class path resource [models/] cannot be resolved to URL because it does not exist

java.io.FileNotFoundException: class path resource [models/] cannot be resolved to URL because it does not exist
	at org.springframework.core.io.ClassPathResource.getURL(ClassPathResource.java:230) ~[spring-core-6.2.8.jar:6.2.8]
	at org.springframework.core.io.AbstractFileResolvingResource.getFile(AbstractFileResolvingResource.java:211) ~[spring-core-6.2.8.jar:6.2.8]
	at tn.esprit.arabsoftback.controller.PredictionController.init(PredictionController.java:42) ~[classes/:na]
	at java.base/jdk.internal.reflect.NativeMethodAccessorImpl.invoke0(Native Method) ~[na:na]
	at java.base/jdk.internal.reflect.NativeMethodAccessorImpl.invoke(NativeMethodAccessorImpl.java:77) ~[na:na]
	at java.base/jdk.internal.reflect.DelegatingMethodAccessorImpl.invoke(DelegatingMethodAccessorImpl.java:43) ~[na:na]
	at java.base/java.lang.reflect.Method.invoke(Method.java:568) ~[na:na]
	at org.springframework.beans.factory.annotation.InitDestroyAnnotationBeanPostProcessor$LifecycleMethod.invoke(InitDestroyAnnotationBeanPostProcessor.java:457) ~[spring-beans-6.2.8.jar:6.2.8]
	at org.springframework.beans.factory.annotation.InitDestroyAnnotationBeanPostProcessor$LifecycleMetadata.invokeInitMethods(InitDestroyAnnotationBeanPostProcessor.java:401) ~[spring-beans-6.2.8.jar:6.2.8]
	at org.springframework.beans.factory.annotation.InitDestroyAnnotationBeanPostProcessor.postProcessBeforeInitialization(InitDestroyAnnotationBeanPostProcessor.java:219) ~[spring-beans-6.2.8.jar:6.2.8]
	at org.springframework.beans.factory.support.AbstractAutowireCapableBeanFactory.applyBeanPostProcessorsBeforeInitialization(AbstractAutowireCapableBeanFactory.java:429) ~[spring-beans-6.2.8.jar:6.2.8]
	at org.springframework.beans.factory.support.AbstractAutowireCapableBeanFactory.initializeBean(AbstractAutowireCapableBeanFactory.java:1818) ~[spring-beans-6.2.8.jar:6.2.8]
	at org.springframework.beans.factory.support.AbstractAutowireCapableBeanFactory.doCreateBean(AbstractAutowireCapableBeanFactory.java:607) ~[spring-beans-6.2.8.jar:6.2.8]
	at org.springframework.beans.factory.support.AbstractAutowireCapableBeanFactory.createBean(AbstractAutowireCapableBeanFactory.java:529) ~[spring-beans-6.2.8.jar:6.2.8]
	at org.springframework.beans.factory.support.AbstractBeanFactory.lambda$doGetBean$0(AbstractBeanFactory.java:339) ~[spring-beans-6.2.8.jar:6.2.8]
	at org.springframework.beans.factory.support.DefaultSingletonBeanRegistry.getSingleton(DefaultSingletonBeanRegistry.java:373) ~[spring-beans-6.2.8.jar:6.2.8]
	at org.springframework.beans.factory.support.AbstractBeanFactory.doGetBean(AbstractBeanFactory.java:337) ~[spring-beans-6.2.8.jar:6.2.8]
	at org.springframework.beans.factory.support.AbstractBeanFactory.getBean(AbstractBeanFactory.java:202) ~[spring-beans-6.2.8.jar:6.2.8]
	at org.springframework.beans.factory.support.DefaultListableBeanFactory.instantiateSingleton(DefaultListableBeanFactory.java:1222) ~[spring-beans-6.2.8.jar:6.2.8]
	at org.springframework.beans.factory.support.DefaultListableBeanFactory.preInstantiateSingleton(DefaultListableBeanFactory.java:1188) ~[spring-beans-6.2.8.jar:6.2.8]
	at org.springframework.beans.factory.support.DefaultListableBeanFactory.preInstantiateSingletons(DefaultListableBeanFactory.java:1123) ~[spring-beans-6.2.8.jar:6.2.8]
	at org.springframework.context.support.AbstractApplicationContext.finishBeanFactoryInitialization(AbstractApplicationContext.java:987) ~[spring-context-6.2.8.jar:6.2.8]
	at org.springframework.context.support.AbstractApplicationContext.refresh(AbstractApplicationContext.java:627) ~[spring-context-6.2.8.jar:6.2.8]
	at org.springframework.boot.web.servlet.context.ServletWebServerApplicationContext.refresh(ServletWebServerApplicationContext.java:146) ~[spring-boot-3.5.3.jar:3.5.3]
	at org.springframework.boot.SpringApplication.refresh(SpringApplication.java:752) ~[spring-boot-3.5.3.jar:3.5.3]
	at org.springframework.boot.SpringApplication.refreshContext(SpringApplication.java:439) ~[spring-boot-3.5.3.jar:3.5.3]
	at org.springframework.boot.SpringApplication.run(SpringApplication.java:318) ~[spring-boot-3.5.3.jar:3.5.3]
	at org.springframework.boot.SpringApplication.run(SpringApplication.java:1361) ~[spring-boot-3.5.3.jar:3.5.3]
	at org.springframework.boot.SpringApplication.run(SpringApplication.java:1350) ~[spring-boot-3.5.3.jar:3.5.3]
	at tn.esprit.arabsoftback.ArabSoftBackApplication.main(ArabSoftBackApplication.java:10) ~[classes/:na]

2026-03-16T15:39:20.964+01:00  INFO 20416 --- [ArabSoftBack] [main] o.s.d.j.r.query.QueryEnhancerFactory     : Hibernate is in classpath; If applicable, HQL parser will be used.
2026-03-16T15:39:21.721+01:00  WARN 20416 --- [ArabSoftBack] [main] JpaBaseConfiguration$JpaWebConfiguration : spring.jpa.open-in-view is enabled by default. Therefore, database queries may be performed during view rendering. Explicitly configure spring.jpa.open-in-view to disable this warning
2026-03-16T15:39:22.586+01:00  INFO 20416 --- [ArabSoftBack] [main] o.s.v.b.OptionalValidatorFactoryBean     : Failed to set up a Bean Validation provider: jakarta.validation.NoProviderFoundException: Unable to create a Configuration, because no Jakarta Bean Validation provider could be found. Add a provider like Hibernate Validator (RI) to your classpath.
2026-03-16T15:39:23.288+01:00  INFO 20416 --- [ArabSoftBack] [main] o.s.b.w.embedded.tomcat.TomcatWebServer  : Tomcat started on port 8080 (http) with context path '/'
2026-03-16T15:39:23.305+01:00  INFO 20416 --- [ArabSoftBack] [main] t.e.a.ArabSoftBackApplication            : Started ArabSoftBackApplication in 8.372 seconds (process running for 8.838)
2026-03-16T15:39:44.903+01:00  INFO 20416 --- [ArabSoftBack] [SpringApplicationShutdownHook] o.s.b.w.e.tomcat.GracefulShutdown        : Commencing graceful shutdown. Waiting for active requests to complete
2026-03-16T15:39:44.947+01:00  INFO 20416 --- [ArabSoftBack] [tomcat-shutdown] o.s.b.w.e.tomcat.GracefulShutdown        : Graceful shutdown complete
2026-03-16T15:39:44.951+01:00  INFO 20416 --- [ArabSoftBack] [SpringApplicationShutdownHook] j.LocalContainerEntityManagerFactoryBean : Closing JPA EntityManagerFactory for persistence unit 'default'
2026-03-16T15:39:44.953+01:00  INFO 20416 --- [ArabSoftBack] [SpringApplicationShutdownHook] com.zaxxer.hikari.HikariDataSource       : HikariPool-1 - Shutdown initiated...
2026-03-16T15:39:44.959+01:00  INFO 20416 --- [ArabSoftBack] [SpringApplicationShutdownHook] com.zaxxer.hikari.HikariDataSource       : HikariPool-1 - Shutdown completed.
2026-03-16T15:42:42.340+01:00  INFO 1604 --- [ArabSoftBack] [main] t.e.a.ArabSoftBackApplication            : Starting ArabSoftBackApplication using Java 17.0.12 with PID 1604 (C:\Users\yassi\Desktop\Stage PFE 2026\Application\SmartTax-Project\Backend\target\classes started by yassi in C:\Users\yassi\Desktop\Stage PFE 2026\Application\SmartTax-Project)
2026-03-16T15:42:42.343+01:00 DEBUG 1604 --- [ArabSoftBack] [main] t.e.a.ArabSoftBackApplication            : Running with Spring Boot v3.5.3, Spring v6.2.8
2026-03-16T15:42:42.344+01:00  INFO 1604 --- [ArabSoftBack] [main] t.e.a.ArabSoftBackApplication            : No active profile set, falling back to 1 default profile: "default"
2026-03-16T15:42:43.540+01:00  INFO 1604 --- [ArabSoftBack] [main] .s.d.r.c.RepositoryConfigurationDelegate : Bootstrapping Spring Data JPA repositories in DEFAULT mode.
2026-03-16T15:42:43.634+01:00  INFO 1604 --- [ArabSoftBack] [main] .s.d.r.c.RepositoryConfigurationDelegate : Finished Spring Data repository scanning in 76 ms. Found 2 JPA repository interfaces.
2026-03-16T15:42:44.538+01:00  INFO 1604 --- [ArabSoftBack] [main] o.s.b.w.embedded.tomcat.TomcatWebServer  : Tomcat initialized with port 8080 (http)
2026-03-16T15:42:44.562+01:00  INFO 1604 --- [ArabSoftBack] [main] o.apache.catalina.core.StandardService   : Starting service [Tomcat]
2026-03-16T15:42:44.562+01:00  INFO 1604 --- [ArabSoftBack] [main] o.apache.catalina.core.StandardEngine    : Starting Servlet engine: [Apache Tomcat/10.1.42]
2026-03-16T15:42:44.689+01:00  INFO 1604 --- [ArabSoftBack] [main] o.a.c.c.C.[Tomcat].[localhost].[/]       : Initializing Spring embedded WebApplicationContext
2026-03-16T15:42:44.689+01:00  INFO 1604 --- [ArabSoftBack] [main] w.s.c.ServletWebServerApplicationContext : Root WebApplicationContext: initialization completed in 2280 ms
2026-03-16T15:42:44.764+01:00 DEBUG 1604 --- [ArabSoftBack] [main] t.e.a.config.JwtAuthenticationFilter     : Filter 'jwtAuthenticationFilter' configured for use
2026-03-16T15:42:44.982+01:00  INFO 1604 --- [ArabSoftBack] [main] o.hibernate.jpa.internal.util.LogHelper  : HHH000204: Processing PersistenceUnitInfo [name: default]
2026-03-16T15:42:45.104+01:00  INFO 1604 --- [ArabSoftBack] [main] org.hibernate.Version                    : HHH000412: Hibernate ORM core version 6.6.18.Final
2026-03-16T15:42:45.178+01:00  INFO 1604 --- [ArabSoftBack] [main] o.h.c.internal.RegionFactoryInitiator    : HHH000026: Second-level cache disabled
2026-03-16T15:42:45.645+01:00  INFO 1604 --- [ArabSoftBack] [main] o.s.o.j.p.SpringPersistenceUnitInfo      : No LoadTimeWeaver setup: ignoring JPA class transformer
2026-03-16T15:42:45.681+01:00  INFO 1604 --- [ArabSoftBack] [main] com.zaxxer.hikari.HikariDataSource       : HikariPool-1 - Starting...
2026-03-16T15:42:45.958+01:00  INFO 1604 --- [ArabSoftBack] [main] com.zaxxer.hikari.pool.HikariPool        : HikariPool-1 - Added connection org.postgresql.jdbc.PgConnection@b32e983
2026-03-16T15:42:45.961+01:00  INFO 1604 --- [ArabSoftBack] [main] com.zaxxer.hikari.HikariDataSource       : HikariPool-1 - Start completed.
2026-03-16T15:42:46.048+01:00  INFO 1604 --- [ArabSoftBack] [main] org.hibernate.orm.connections.pooling    : HHH10001005: Database info:
	Database JDBC URL [Connecting through datasource 'HikariDataSource (HikariPool-1)']
	Database driver: undefined/unknown
	Database version: 16.9
	Autocommit mode: undefined/unknown
	Isolation level: undefined/unknown
	Minimum pool size: undefined/unknown
	Maximum pool size: undefined/unknown
2026-03-16T15:42:47.018+01:00  INFO 1604 --- [ArabSoftBack] [main] o.h.e.t.j.p.i.JtaPlatformInitiator       : HHH000489: No JTA platform available (set 'hibernate.transaction.jta.platform' to enable JTA platform integration)
2026-03-16T15:42:47.163+01:00  INFO 1604 --- [ArabSoftBack] [main] j.LocalContainerEntityManagerFactoryBean : Initialized JPA EntityManagerFactory for persistence unit 'default'
2026-03-16T15:42:47.522+01:00 ERROR 1604 --- [ArabSoftBack] [main] t.e.a.controller.PredictionController    : Échec du chargement du modčle : class path resource [models/] cannot be resolved to URL because it does not exist

java.io.FileNotFoundException: class path resource [models/] cannot be resolved to URL because it does not exist
	at org.springframework.core.io.ClassPathResource.getURL(ClassPathResource.java:230) ~[spring-core-6.2.8.jar:6.2.8]
	at org.springframework.core.io.AbstractFileResolvingResource.getFile(AbstractFileResolvingResource.java:211) ~[spring-core-6.2.8.jar:6.2.8]
	at tn.esprit.arabsoftback.controller.PredictionController.init(PredictionController.java:42) ~[classes/:na]
	at java.base/jdk.internal.reflect.NativeMethodAccessorImpl.invoke0(Native Method) ~[na:na]
	at java.base/jdk.internal.reflect.NativeMethodAccessorImpl.invoke(NativeMethodAccessorImpl.java:77) ~[na:na]
	at java.base/jdk.internal.reflect.DelegatingMethodAccessorImpl.invoke(DelegatingMethodAccessorImpl.java:43) ~[na:na]
	at java.base/java.lang.reflect.Method.invoke(Method.java:568) ~[na:na]
	at org.springframework.beans.factory.annotation.InitDestroyAnnotationBeanPostProcessor$LifecycleMethod.invoke(InitDestroyAnnotationBeanPostProcessor.java:457) ~[spring-beans-6.2.8.jar:6.2.8]
	at org.springframework.beans.factory.annotation.InitDestroyAnnotationBeanPostProcessor$LifecycleMetadata.invokeInitMethods(InitDestroyAnnotationBeanPostProcessor.java:401) ~[spring-beans-6.2.8.jar:6.2.8]
	at org.springframework.beans.factory.annotation.InitDestroyAnnotationBeanPostProcessor.postProcessBeforeInitialization(InitDestroyAnnotationBeanPostProcessor.java:219) ~[spring-beans-6.2.8.jar:6.2.8]
	at org.springframework.beans.factory.support.AbstractAutowireCapableBeanFactory.applyBeanPostProcessorsBeforeInitialization(AbstractAutowireCapableBeanFactory.java:429) ~[spring-beans-6.2.8.jar:6.2.8]
	at org.springframework.beans.factory.support.AbstractAutowireCapableBeanFactory.initializeBean(AbstractAutowireCapableBeanFactory.java:1818) ~[spring-beans-6.2.8.jar:6.2.8]
	at org.springframework.beans.factory.support.AbstractAutowireCapableBeanFactory.doCreateBean(AbstractAutowireCapableBeanFactory.java:607) ~[spring-beans-6.2.8.jar:6.2.8]
	at org.springframework.beans.factory.support.AbstractAutowireCapableBeanFactory.createBean(AbstractAutowireCapableBeanFactory.java:529) ~[spring-beans-6.2.8.jar:6.2.8]
	at org.springframework.beans.factory.support.AbstractBeanFactory.lambda$doGetBean$0(AbstractBeanFactory.java:339) ~[spring-beans-6.2.8.jar:6.2.8]
	at org.springframework.beans.factory.support.DefaultSingletonBeanRegistry.getSingleton(DefaultSingletonBeanRegistry.java:373) ~[spring-beans-6.2.8.jar:6.2.8]
	at org.springframework.beans.factory.support.AbstractBeanFactory.doGetBean(AbstractBeanFactory.java:337) ~[spring-beans-6.2.8.jar:6.2.8]
	at org.springframework.beans.factory.support.AbstractBeanFactory.getBean(AbstractBeanFactory.java:202) ~[spring-beans-6.2.8.jar:6.2.8]
	at org.springframework.beans.factory.support.DefaultListableBeanFactory.instantiateSingleton(DefaultListableBeanFactory.java:1222) ~[spring-beans-6.2.8.jar:6.2.8]
	at org.springframework.beans.factory.support.DefaultListableBeanFactory.preInstantiateSingleton(DefaultListableBeanFactory.java:1188) ~[spring-beans-6.2.8.jar:6.2.8]
	at org.springframework.beans.factory.support.DefaultListableBeanFactory.preInstantiateSingletons(DefaultListableBeanFactory.java:1123) ~[spring-beans-6.2.8.jar:6.2.8]
	at org.springframework.context.support.AbstractApplicationContext.finishBeanFactoryInitialization(AbstractApplicationContext.java:987) ~[spring-context-6.2.8.jar:6.2.8]
	at org.springframework.context.support.AbstractApplicationContext.refresh(AbstractApplicationContext.java:627) ~[spring-context-6.2.8.jar:6.2.8]
	at org.springframework.boot.web.servlet.context.ServletWebServerApplicationContext.refresh(ServletWebServerApplicationContext.java:146) ~[spring-boot-3.5.3.jar:3.5.3]
	at org.springframework.boot.SpringApplication.refresh(SpringApplication.java:752) ~[spring-boot-3.5.3.jar:3.5.3]
	at org.springframework.boot.SpringApplication.refreshContext(SpringApplication.java:439) ~[spring-boot-3.5.3.jar:3.5.3]
	at org.springframework.boot.SpringApplication.run(SpringApplication.java:318) ~[spring-boot-3.5.3.jar:3.5.3]
	at org.springframework.boot.SpringApplication.run(SpringApplication.java:1361) ~[spring-boot-3.5.3.jar:3.5.3]
	at org.springframework.boot.SpringApplication.run(SpringApplication.java:1350) ~[spring-boot-3.5.3.jar:3.5.3]
	at tn.esprit.arabsoftback.ArabSoftBackApplication.main(ArabSoftBackApplication.java:10) ~[classes/:na]

2026-03-16T15:42:47.570+01:00  INFO 1604 --- [ArabSoftBack] [main] o.s.d.j.r.query.QueryEnhancerFactory     : Hibernate is in classpath; If applicable, HQL parser will be used.
2026-03-16T15:42:48.284+01:00  WARN 1604 --- [ArabSoftBack] [main] JpaBaseConfiguration$JpaWebConfiguration : spring.jpa.open-in-view is enabled by default. Therefore, database queries may be performed during view rendering. Explicitly configure spring.jpa.open-in-view to disable this warning
2026-03-16T15:42:48.949+01:00  INFO 1604 --- [ArabSoftBack] [main] o.s.v.b.OptionalValidatorFactoryBean     : Failed to set up a Bean Validation provider: jakarta.validation.NoProviderFoundException: Unable to create a Configuration, because no Jakarta Bean Validation provider could be found. Add a provider like Hibernate Validator (RI) to your classpath.
2026-03-16T15:42:49.485+01:00  WARN 1604 --- [ArabSoftBack] [main] ConfigServletWebServerApplicationContext : Exception encountered during context initialization - cancelling refresh attempt: org.springframework.context.ApplicationContextException: Failed to start bean 'webServerStartStop'
2026-03-16T15:42:49.488+01:00  INFO 1604 --- [ArabSoftBack] [main] j.LocalContainerEntityManagerFactoryBean : Closing JPA EntityManagerFactory for persistence unit 'default'
2026-03-16T15:42:49.493+01:00  INFO 1604 --- [ArabSoftBack] [main] com.zaxxer.hikari.HikariDataSource       : HikariPool-1 - Shutdown initiated...
2026-03-16T15:42:49.498+01:00  INFO 1604 --- [ArabSoftBack] [main] com.zaxxer.hikari.HikariDataSource       : HikariPool-1 - Shutdown completed.
2026-03-16T15:42:49.530+01:00  INFO 1604 --- [ArabSoftBack] [main] .s.b.a.l.ConditionEvaluationReportLogger : 

Error starting ApplicationContext. To display the condition evaluation report re-run your application with 'debug' enabled.
2026-03-16T15:42:49.576+01:00 ERROR 1604 --- [ArabSoftBack] [main] o.s.b.d.LoggingFailureAnalysisReporter   : 

***************************
APPLICATION FAILED TO START
***************************

Description:

Web server failed to start. Port 8080 was already in use.

Action:

Identify and stop the process that's listening on port 8080 or configure this application to listen on another port.

